<?xml version="1.0" encoding="UTF-8"?>
<!-- Generated by org.testng.reporters.JUnitReportReporter -->
<testsuite skipped="0" hostname="Sharan" name="com.login.SDP_OrangeHRM.OrangeHrm" tests="1" failures="0" timestamp="2023-01-31T08:10:27 IST" time="15.680" errors="0">
  <testcase name="login" time="15.680" classname="com.login.SDP_OrangeHRM.OrangeHrm"/>
  <system-out/>
</testsuite> <!-- com.login.SDP_OrangeHRM.OrangeHrm -->
